08-34-58 -> [DEBUG] Satışta Olan Araçlar Listlendi ! (UserRepository.cs)
08-35-00 -> [DEBUG] Satışta Olan Araçlar Listelendi ! (UserController.cs)
08-35-00 -> [INFORMATION] Satışta Olan Araçlar Listelendi !
08-35-15 -> [DEBUG] Kişi Bilgisine Göre Araçlar Listelendi ! (UserRepository.cs)
08-35-15 -> [DEBUG] Kişi Bilgisine Göre Araçlar Listelendi ! (UserController.cs)
08-35-15 -> [INFORMATION] Kişiye Göre Araçlar Listelendi !
08-35-16 -> [DEBUG] Token Oluşturma Başarılı ! (UserRepository.cs)
08-35-16 -> [DEBUG] Token Oluşturma Başarılı ! (UserController.cs)
08-35-16 -> [INFORMATION] Token Oluşturuldu !
08-35-16 -> [DEBUG] Yeni Bir Token Oluşturuldu ! (UserController.cs)
08-35-16 -> [INFORMATION] Oturum Açıldı !
08-35-16 -> [DEBUG] Kişi Bilgisine Göre Araçlar Listelendi ! (UserRepository.cs)
08-35-16 -> [DEBUG] Kişi Bilgisine Göre Araçlar Listelendi ! (UserRepository.cs)
08-35-16 -> [DEBUG] Kişi Bilgisine Göre Araçlar Listelendi ! (UserController.cs)
08-35-16 -> [INFORMATION] Kişiye Göre Araçlar Listelendi !
08-35-16 -> [DEBUG] Kişi Bilgisine Göre Araçlar Listelendi ! (UserController.cs)
08-35-16 -> [INFORMATION] Kişiye Göre Araçlar Listelendi !
08-35-16 -> [DEBUG] Id Bilgisine Göre Listeleme Başarılı ! (UserRepository.cs)
08-35-16 -> [DEBUG] Id Değerine Göre Kullanıcılar Listelendi ! (UserController.cs)
08-35-16 -> [INFORMATION] Id Değerine Göre Kullanıcılar Listelendi !
08-35-16 -> [DEBUG] Id Bilgisine Göre Listeleme Başarılı ! (UserRepository.cs)
08-35-16 -> [DEBUG] Id Değerine Göre Kullanıcılar Listelendi ! (UserController.cs)
08-35-16 -> [INFORMATION] Id Değerine Göre Kullanıcılar Listelendi !
08-38-30 -> [DEBUG] Kişi Bilgisine Göre Araçlar Listelendi ! (UserRepository.cs)
08-38-30 -> [DEBUG] Kişi Bilgisine Göre Araçlar Listelendi ! (UserRepository.cs)
08-38-30 -> [DEBUG] Kişi Bilgisine Göre Araçlar Listelendi ! (UserController.cs)
08-38-30 -> [DEBUG] Kişi Bilgisine Göre Araçlar Listelendi ! (UserController.cs)
08-38-30 -> [INFORMATION] Kişiye Göre Araçlar Listelendi !
08-38-30 -> [INFORMATION] Kişiye Göre Araçlar Listelendi !
08-38-30 -> [DEBUG] Id Bilgisine Göre Listeleme Başarılı ! (UserRepository.cs)
08-38-30 -> [DEBUG] Id Değerine Göre Kullanıcılar Listelendi ! (UserController.cs)
08-38-30 -> [INFORMATION] Id Değerine Göre Kullanıcılar Listelendi !
08-38-30 -> [DEBUG] Id Bilgisine Göre Listeleme Başarılı ! (UserRepository.cs)
08-38-30 -> [DEBUG] Id Değerine Göre Kullanıcılar Listelendi ! (UserController.cs)
08-38-30 -> [INFORMATION] Id Değerine Göre Kullanıcılar Listelendi !
08-40-50 -> [DEBUG] Kişi Bilgisine Göre Araçlar Listelendi ! (UserRepository.cs)
08-40-50 -> [DEBUG] Kişi Bilgisine Göre Araçlar Listelendi ! (UserRepository.cs)
08-40-50 -> [DEBUG] Kişi Bilgisine Göre Araçlar Listelendi ! (UserController.cs)
08-40-50 -> [DEBUG] Kişi Bilgisine Göre Araçlar Listelendi ! (UserController.cs)
08-40-50 -> [INFORMATION] Kişiye Göre Araçlar Listelendi !
08-40-50 -> [INFORMATION] Kişiye Göre Araçlar Listelendi !
08-40-50 -> [DEBUG] Id Bilgisine Göre Listeleme Başarılı ! (UserRepository.cs)
08-40-50 -> [DEBUG] Id Değerine Göre Kullanıcılar Listelendi ! (UserController.cs)
08-40-50 -> [INFORMATION] Id Değerine Göre Kullanıcılar Listelendi !
08-40-50 -> [DEBUG] Id Bilgisine Göre Listeleme Başarılı ! (UserRepository.cs)
08-40-50 -> [DEBUG] Id Değerine Göre Kullanıcılar Listelendi ! (UserController.cs)
08-40-50 -> [INFORMATION] Id Değerine Göre Kullanıcılar Listelendi !
11-16-07 -> [DEBUG] Kişi Bilgisine Göre Araçlar Listelendi ! (UserRepository.cs)
11-16-07 -> [DEBUG] Kişi Bilgisine Göre Araçlar Listelendi ! (UserRepository.cs)
11-16-07 -> [DEBUG] Kişi Bilgisine Göre Araçlar Listelendi ! (UserController.cs)
11-16-07 -> [DEBUG] Kişi Bilgisine Göre Araçlar Listelendi ! (UserController.cs)
11-16-07 -> [INFORMATION] Kişiye Göre Araçlar Listelendi !
11-16-07 -> [INFORMATION] Kişiye Göre Araçlar Listelendi !
11-16-07 -> [DEBUG] Id Bilgisine Göre Listeleme Başarılı ! (UserRepository.cs)
11-16-07 -> [DEBUG] Id Değerine Göre Kullanıcılar Listelendi ! (UserController.cs)
11-16-07 -> [INFORMATION] Id Değerine Göre Kullanıcılar Listelendi !
11-16-07 -> [DEBUG] Id Bilgisine Göre Listeleme Başarılı ! (UserRepository.cs)
11-16-07 -> [DEBUG] Id Değerine Göre Kullanıcılar Listelendi ! (UserController.cs)
11-16-07 -> [INFORMATION] Id Değerine Göre Kullanıcılar Listelendi !
11-25-27 -> [DEBUG] Kişi Bilgisine Göre Araçlar Listelendi ! (UserRepository.cs)
11-25-27 -> [DEBUG] Kişi Bilgisine Göre Araçlar Listelendi ! (UserRepository.cs)
11-25-27 -> [DEBUG] Kişi Bilgisine Göre Araçlar Listelendi ! (UserController.cs)
11-25-27 -> [DEBUG] Kişi Bilgisine Göre Araçlar Listelendi ! (UserController.cs)
11-25-27 -> [INFORMATION] Kişiye Göre Araçlar Listelendi !
11-25-27 -> [INFORMATION] Kişiye Göre Araçlar Listelendi !
11-25-27 -> [DEBUG] Id Bilgisine Göre Listeleme Başarılı ! (UserRepository.cs)
11-25-27 -> [DEBUG] Id Değerine Göre Kullanıcılar Listelendi ! (UserController.cs)
11-25-27 -> [INFORMATION] Id Değerine Göre Kullanıcılar Listelendi !
11-25-27 -> [DEBUG] Id Bilgisine Göre Listeleme Başarılı ! (UserRepository.cs)
11-25-27 -> [DEBUG] Id Değerine Göre Kullanıcılar Listelendi ! (UserController.cs)
11-25-27 -> [INFORMATION] Id Değerine Göre Kullanıcılar Listelendi !
11-28-54 -> [DEBUG] Kişi Bilgisine Göre Araçlar Listelendi ! (UserRepository.cs)
11-28-54 -> [DEBUG] Kişi Bilgisine Göre Araçlar Listelendi ! (UserRepository.cs)
11-28-55 -> [DEBUG] Kişi Bilgisine Göre Araçlar Listelendi ! (UserController.cs)
11-28-55 -> [INFORMATION] Kişiye Göre Araçlar Listelendi !
11-28-55 -> [DEBUG] Kişi Bilgisine Göre Araçlar Listelendi ! (UserController.cs)
11-28-55 -> [INFORMATION] Kişiye Göre Araçlar Listelendi !
11-28-55 -> [DEBUG] Id Bilgisine Göre Listeleme Başarılı ! (UserRepository.cs)
11-28-55 -> [DEBUG] Id Değerine Göre Kullanıcılar Listelendi ! (UserController.cs)
11-28-55 -> [INFORMATION] Id Değerine Göre Kullanıcılar Listelendi !
11-28-55 -> [DEBUG] Id Bilgisine Göre Listeleme Başarılı ! (UserRepository.cs)
11-28-55 -> [DEBUG] Id Değerine Göre Kullanıcılar Listelendi ! (UserController.cs)
11-28-55 -> [INFORMATION] Id Değerine Göre Kullanıcılar Listelendi !
